This is pdfTeX, Version 3.141592653-2.6-1.40.28 (TeX Live 2025) (preloaded format=pdflatex 2025.10.28)  10 NOV 2025 12:36
entering extended mode
 restricted \write18 enabled.
 file:line:error style messages enabled.
 %&-line parsing enabled.
**VodmlTools.tex
(./VodmlTools.tex
LaTeX2e <2025-06-01> patch level 1
L3 programming layer <2025-10-24>

! LaTeX Error: File `ivoa.cls' not found.

Type X to quit or <RETURN> to proceed,
or enter new name. (Default extension: cls)

Enter file name: 
./VodmlTools.tex:2: Emergency stop.
<read *> 
         
l.2 \usepackage
               {hyperref}^^M
*** (cannot \read from terminal in nonstop modes)

 
Here is how much of TeX's memory you used:
 20 strings out of 469219
 504 string characters out of 5462250
 433747 words of memory out of 5000000
 28601 multiletter control sequences out of 15000+600000
 627721 words of font info for 40 fonts, out of 8000000 for 9000
 319 hyphenation exceptions out of 8191
 19i,0n,29p,80b,17s stack positions out of 10000i,1000n,20000p,200000b,200000s
./VodmlTools.tex:2:  ==> Fatal error occurred, no output PDF file produced!
